[2022-04-18T09:05:47.108+0000][1][gc] Using Concurrent Mark Sweep
[2022-04-18T09:05:47.111+0000][1][gc,heap,coops] Heap address: 0x00000000e0000000, size: 512 MB, Compressed Oops mode: 32-bit
[2022-04-18T09:05:47.558+0000][1][safepoint    ] Safepoint "EnableBiasedLocking", Time since last: 315052042 ns, Reaching safepoint: 5407916 ns, At safepoint: 874417 ns, Total: 6282333 ns
[2022-04-18T09:05:47.584+0000][1][safepoint    ] Safepoint "RevokeBias", Time since last: 25033667 ns, Reaching safepoint: 324250 ns, At safepoint: 911791 ns, Total: 1236041 ns
[2022-04-18T09:05:47.688+0000][1][safepoint    ] Safepoint "Deoptimize", Time since last: 101277209 ns, Reaching safepoint: 929833 ns, At safepoint: 1179708 ns, Total: 2109541 ns
[2022-04-18T09:05:48.424+0000][1][safepoint    ] Safepoint "Deoptimize", Time since last: 735802834 ns, Reaching safepoint: 583958 ns, At safepoint: 378000 ns, Total: 961958 ns
[2022-04-18T09:05:49.428+0000][1][safepoint    ] Safepoint "Cleanup", Time since last: 1002189418 ns, Reaching safepoint: 1094416 ns, At safepoint: 31042 ns, Total: 1125458 ns
[2022-04-18T09:05:49.884+0000][1][safepoint    ] Safepoint "Deoptimize", Time since last: 455578375 ns, Reaching safepoint: 457667 ns, At safepoint: 406583 ns, Total: 864250 ns
[2022-04-18T09:05:50.142+0000][1][safepoint    ] Safepoint "Deoptimize", Time since last: 257367292 ns, Reaching safepoint: 476833 ns, At safepoint: 466334 ns, Total: 943167 ns
[2022-04-18T09:05:51.096+0000][1][safepoint    ] Safepoint "Deoptimize", Time since last: 952888375 ns, Reaching safepoint: 599750 ns, At safepoint: 426458 ns, Total: 1026208 ns
[2022-04-18T09:05:52.098+0000][1][safepoint    ] Safepoint "Cleanup", Time since last: 1001248251 ns, Reaching safepoint: 497250 ns, At safepoint: 17375 ns, Total: 514625 ns
[2022-04-18T09:05:52.276+0000][1][safepoint    ] Safepoint "Deoptimize", Time since last: 177191750 ns, Reaching safepoint: 393208 ns, At safepoint: 484917 ns, Total: 878125 ns
[2022-04-18T09:05:53.232+0000][1][safepoint    ] Safepoint "Deoptimize", Time since last: 953588042 ns, Reaching safepoint: 1368708 ns, At safepoint: 442500 ns, Total: 1811208 ns
[2022-04-18T09:05:53.761+0000][1][safepoint    ] Safepoint "Deoptimize", Time since last: 527975167 ns, Reaching safepoint: 1010792 ns, At safepoint: 591083 ns, Total: 1601875 ns
[2022-04-18T09:05:53.765+0000][1][safepoint    ] Safepoint "Deoptimize", Time since last: 2808792 ns, Reaching safepoint: 323417 ns, At safepoint: 400125 ns, Total: 723542 ns
[2022-04-18T09:05:53.874+0000][1][safepoint    ] Safepoint "Deoptimize", Time since last: 108077833 ns, Reaching safepoint: 648083 ns, At safepoint: 499334 ns, Total: 1147417 ns
[2022-04-18T09:05:53.892+0000][1][safepoint    ] Safepoint "Deoptimize", Time since last: 16918875 ns, Reaching safepoint: 394333 ns, At safepoint: 508125 ns, Total: 902458 ns
[2022-04-18T09:05:53.962+0000][1][safepoint    ] Safepoint "RevokeBias", Time since last: 69213458 ns, Reaching safepoint: 368042 ns, At safepoint: 443042 ns, Total: 811084 ns
[2022-04-18T09:05:53.982+0000][1][safepoint    ] Safepoint "RevokeBias", Time since last: 20358708 ns, Reaching safepoint: 237333 ns, At safepoint: 113625 ns, Total: 350958 ns
[2022-04-18T09:05:53.985+0000][1][safepoint    ] Safepoint "RevokeBias", Time since last: 2081542 ns, Reaching safepoint: 210958 ns, At safepoint: 93709 ns, Total: 304667 ns
[2022-04-18T09:05:53.987+0000][1][safepoint    ] Safepoint "RevokeBias", Time since last: 1616458 ns, Reaching safepoint: 165958 ns, At safepoint: 86167 ns, Total: 252125 ns
[2022-04-18T09:05:54.001+0000][1][safepoint    ] Safepoint "Deoptimize", Time since last: 12876583 ns, Reaching safepoint: 467000 ns, At safepoint: 531292 ns, Total: 998292 ns
[2022-04-18T09:05:54.065+0000][1][safepoint    ] Safepoint "Deoptimize", Time since last: 63889792 ns, Reaching safepoint: 241833 ns, At safepoint: 641083 ns, Total: 882916 ns
[2022-04-18T09:05:55.068+0000][1][safepoint    ] Safepoint "Cleanup", Time since last: 1001306543 ns, Reaching safepoint: 1074958 ns, At safepoint: 26792 ns, Total: 1101750 ns
[2022-04-18T09:05:55.846+0000][1][safepoint    ] Safepoint "Deoptimize", Time since last: 777147583 ns, Reaching safepoint: 558000 ns, At safepoint: 655500 ns, Total: 1213500 ns
[2022-04-18T09:05:55.954+0000][1][safepoint    ] Safepoint "RevokeBias", Time since last: 107454125 ns, Reaching safepoint: 357167 ns, At safepoint: 122958 ns, Total: 480125 ns
[2022-04-18T09:05:56.356+0000][1][safepoint    ] Safepoint "RevokeBias", Time since last: 401593250 ns, Reaching safepoint: 525417 ns, At safepoint: 62958 ns, Total: 588375 ns
[2022-04-18T09:05:56.369+0000][1][safepoint    ] Safepoint "RevokeBias", Time since last: 12454792 ns, Reaching safepoint: 180833 ns, At safepoint: 51750 ns, Total: 232583 ns
[2022-04-18T09:05:56.373+0000][1][safepoint    ] Safepoint "RevokeBias", Time since last: 4349375 ns, Reaching safepoint: 134334 ns, At safepoint: 48458 ns, Total: 182792 ns
[2022-04-18T09:05:56.379+0000][1][safepoint    ] Safepoint "RevokeBias", Time since last: 5443750 ns, Reaching safepoint: 225125 ns, At safepoint: 48417 ns, Total: 273542 ns
[2022-04-18T09:05:56.383+0000][1][safepoint    ] Safepoint "RevokeBias", Time since last: 3963250 ns, Reaching safepoint: 48041 ns, At safepoint: 36459 ns, Total: 84500 ns
[2022-04-18T09:05:56.385+0000][1][safepoint    ] Safepoint "RevokeBias", Time since last: 1356708 ns, Reaching safepoint: 82542 ns, At safepoint: 41333 ns, Total: 123875 ns
[2022-04-18T09:05:56.386+0000][1][safepoint    ] Safepoint "RevokeBias", Time since last: 881500 ns, Reaching safepoint: 52458 ns, At safepoint: 173292 ns, Total: 225750 ns
[2022-04-18T09:05:56.387+0000][1][safepoint    ] Safepoint "RevokeBias", Time since last: 1052875 ns, Reaching safepoint: 309125 ns, At safepoint: 40875 ns, Total: 350000 ns
[2022-04-18T09:05:56.388+0000][1][safepoint    ] Safepoint "RevokeBias", Time since last: 605250 ns, Reaching safepoint: 317125 ns, At safepoint: 126667 ns, Total: 443792 ns
[2022-04-18T09:05:56.389+0000][1][safepoint    ] Safepoint "RevokeBias", Time since last: 547166 ns, Reaching safepoint: 468792 ns, At safepoint: 49375 ns, Total: 518167 ns
[2022-04-18T09:05:56.391+0000][1][safepoint    ] Safepoint "RevokeBias", Time since last: 1015417 ns, Reaching safepoint: 99500 ns, At safepoint: 132375 ns, Total: 231875 ns
[2022-04-18T09:05:56.395+0000][1][safepoint    ] Safepoint "RevokeBias", Time since last: 4617541 ns, Reaching safepoint: 140417 ns, At safepoint: 52500 ns, Total: 192917 ns
[2022-04-18T09:05:56.399+0000][1][safepoint    ] Safepoint "RevokeBias", Time since last: 3576083 ns, Reaching safepoint: 141542 ns, At safepoint: 57667 ns, Total: 199209 ns
[2022-04-18T09:05:56.405+0000][1][gc,heap,exit ] Heap
[2022-04-18T09:05:56.406+0000][1][gc,heap,exit ]  par new generation   total 157248K, used 103523K [0x00000000e0000000, 0x00000000eaaa0000, 0x00000000eaaa0000)
[2022-04-18T09:05:56.407+0000][1][gc,heap,exit ]   eden space 139776K,  74% used [0x00000000e0000000, 0x00000000e6518c60, 0x00000000e8880000)
[2022-04-18T09:05:56.408+0000][1][gc,heap,exit ]   from space 17472K,   0% used [0x00000000e8880000, 0x00000000e8880000, 0x00000000e9990000)
[2022-04-18T09:05:56.408+0000][1][gc,heap,exit ]   to   space 17472K,   0% used [0x00000000e9990000, 0x00000000e9990000, 0x00000000eaaa0000)
[2022-04-18T09:05:56.409+0000][1][gc,heap,exit ]  concurrent mark-sweep generation total 349568K, used 0K [0x00000000eaaa0000, 0x0000000100000000, 0x0000000100000000)
[2022-04-18T09:05:56.410+0000][1][gc,heap,exit ]  Metaspace       used 15322K, capacity 15951K, committed 16128K, reserved 1062912K
[2022-04-18T09:05:56.411+0000][1][gc,heap,exit ]   class space    used 1927K, capacity 2233K, committed 2304K, reserved 1048576K
